Determining if the pthread_create exist failed with the following output:
Change Dir: /home/jean/Documents/learning/Slam_Course/SLAM14Lectures/slambook/ch6/ceres_curve_fitting/ceres_official_example/bundle_adjustment/build/CMakeFiles/CMakeTmp

Run Build Command:"/usr/bin/make" "cmTC_65638/fast"
/usr/bin/make -f CMakeFiles/cmTC_65638.dir/build.make CMakeFiles/cmTC_65638.dir/build
make[1]: Entering directory `/home/jean/Documents/learning/Slam_Course/SLAM14Lectures/slambook/ch6/ceres_curve_fitting/ceres_official_example/bundle_adjustment/build/CMakeFiles/CMakeTmp'
Building C object CMakeFiles/cmTC_65638.dir/CheckSymbolExists.c.o
/usr/bin/cc     -o CMakeFiles/cmTC_65638.dir/CheckSymbolExists.c.o   -c /home/jean/Documents/learning/Slam_Course/SLAM14Lectures/slambook/ch6/ceres_curve_fitting/ceres_official_example/bundle_adjustment/build/CMakeFiles/CMakeTmp/CheckSymbolExists.c
Linking C executable cmTC_65638
/usr/bin/cmake -E cmake_link_script CMakeFiles/cmTC_65638.dir/link.txt --verbose=1
/usr/bin/cc       CMakeFiles/cmTC_65638.dir/CheckSymbolExists.c.o  -o cmTC_65638 -rdynamic 
CMakeFiles/cmTC_65638.dir/CheckSymbolExists.c.o: In function `main':
CheckSymbolExists.c:(.text+0x16): undefined reference to `pthread_create'
collect2: error: ld returned 1 exit status
make[1]: *** [cmTC_65638] Error 1
make[1]: Leaving directory `/home/jean/Documents/learning/Slam_Course/SLAM14Lectures/slambook/ch6/ceres_curve_fitting/ceres_official_example/bundle_adjustment/build/CMakeFiles/CMakeTmp'
make: *** [cmTC_65638/fast] Error 2

File /home/jean/Documents/learning/Slam_Course/SLAM14Lectures/slambook/ch6/ceres_curve_fitting/ceres_official_example/bundle_adjustment/build/CMakeFiles/CMakeTmp/CheckSymbolExists.c:
/* */
#include <pthread.h>

int main(int argc, char** argv)
{
  (void)argv;
#ifndef pthread_create
  return ((int*)(&pthread_create))[argc];
#else
  (void)argc;
  return 0;
#endif
}

Determining if the function pthread_create exists in the pthreads failed with the following output:
Change Dir: /home/jean/Documents/learning/Slam_Course/SLAM14Lectures/slambook/ch6/ceres_curve_fitting/ceres_official_example/bundle_adjustment/build/CMakeFiles/CMakeTmp

Run Build Command:"/usr/bin/make" "cmTC_0d73c/fast"
/usr/bin/make -f CMakeFiles/cmTC_0d73c.dir/build.make CMakeFiles/cmTC_0d73c.dir/build
make[1]: Entering directory `/home/jean/Documents/learning/Slam_Course/SLAM14Lectures/slambook/ch6/ceres_curve_fitting/ceres_official_example/bundle_adjustment/build/CMakeFiles/CMakeTmp'
Building C object CMakeFiles/cmTC_0d73c.dir/CheckFunctionExists.c.o
/usr/bin/cc    -DCHECK_FUNCTION_EXISTS=pthread_create   -o CMakeFiles/cmTC_0d73c.dir/CheckFunctionExists.c.o   -c /usr/share/cmake-3.5/Modules/CheckFunctionExists.c
Linking C executable cmTC_0d73c
/usr/bin/cmake -E cmake_link_script CMakeFiles/cmTC_0d73c.dir/link.txt --verbose=1
/usr/bin/cc   -DCHECK_FUNCTION_EXISTS=pthread_create    CMakeFiles/cmTC_0d73c.dir/CheckFunctionExists.c.o  -o cmTC_0d73c -rdynamic -lpthreads 
/usr/bin/ld: cannot find -lpthreads
collect2: error: ld returned 1 exit status
make[1]: *** [cmTC_0d73c] Error 1
make[1]: Leaving directory `/home/jean/Documents/learning/Slam_Course/SLAM14Lectures/slambook/ch6/ceres_curve_fitting/ceres_official_example/bundle_adjustment/build/CMakeFiles/CMakeTmp'
make: *** [cmTC_0d73c/fast] Error 2


